"E:/FireLab_VR/Perforce_Workspace/Perforce_Project/Content/Geometry/Meshes/CubeMaterial.uasset" 0
"E:/FireLab_VR/Perforce_Workspace/Perforce_Project/Content/Geometry/Meshes/1M_Cube_Chamfer.uasset" 1
"E:/FireLab_VR/Perforce_Workspace/Perforce_Project/Content/Geometry/Meshes/TemplateFloor.uasset" 2
"E:/FireLab_VR/Perforce_Workspace/Perforce_Project/Content/StarterContent/Particles/Materials/m_flare_01.uasset" 3
"E:/FireLab_VR/Perforce_Workspace/Perforce_Project/Content/StarterContent/Textures/T_Water_N.uasset" 4
"E:/FireLab_VR/Perforce_Workspace/Perforce_Project/Content/StarterContent/Particles/Materials/M_Heat_Distortion.uasset" 5
"../../../Engine/Content/Functions/Engine_MaterialFunctions01/Gradient/RadialGradient.uasset" 6
"E:/FireLab_VR/Perforce_Workspace/Perforce_Project/Content/StarterContent/Particles/Materials/M_radial_ramp.uasset" 7
"E:/FireLab_VR/Perforce_Workspace/Perforce_Project/Content/StarterContent/Textures/T_Spark_Core.uasset" 8
"E:/FireLab_VR/Perforce_Workspace/Perforce_Project/Content/StarterContent/Particles/Materials/M_Spark.uasset" 9
"../../../Engine/Content/EngineMaterials/T_Default_Material_Grid_N.uasset" 10
"../../../Engine/Content/EngineMaterials/T_Default_Material_Grid_M.uasset" 11
"../../../Engine/Content/Functions/Engine_MaterialFunctions01/Opacity/CameraDepthFade.uasset" 12
"../../../Engine/Content/EngineMaterials/WorldGridMaterial.uasset" 13
"E:/FireLab_VR/Perforce_Workspace/Perforce_Project/Content/VRBurnLab/Art/BurnLabObjects/SM_EyewashStation.uasset" 14
"E:/FireLab_VR/Perforce_Workspace/Perforce_Project/Content/VRBurnLab/Art/BurnLabObjects/EyewashStation.uasset" 15
"E:/FireLab_VR/Perforce_Workspace/Perforce_Project/Content/VRBurnLab/MaterialLibrary/BurnLabObjects/T_NeedlesThin_N.uasset" 16
"E:/FireLab_VR/Perforce_Workspace/Perforce_Project/Content/VRBurnLab/MaterialLibrary/BurnLabObjects/T_NeedlesThin_A.uasset" 17
"E:/FireLab_VR/Perforce_Workspace/Perforce_Project/Content/VRBurnLab/MaterialLibrary/BurnLabObjects/T_NeedlesThin.uasset" 18
"E:/FireLab_VR/Perforce_Workspace/Perforce_Project/Content/VRBurnLab/MaterialLibrary/BurnLabObjects/M_NeedlesThin_Decal.uasset" 19
"E:/FireLab_VR/Perforce_Workspace/Perforce_Project/Content/VRBurnLab/Art/BurnLabObjects/SM_NeedlesThin.uasset" 20
"E:/FireLab_VR/Perforce_Workspace/Perforce_Project/Content/VRBurnLab/Art/BurnLabObjects/SM_Pine_Needles.uasset" 21
"E:/FireLab_VR/Perforce_Workspace/Perforce_Project/Content/VRBurnLab/Art/BurnLabObjects/Pine_Needles.uasset" 22
"E:/FireLab_VR/Perforce_Workspace/Perforce_Project/Content/VRBurnLab/Art/BurnLabObjects/Pine_SM_Needle_Tray.uasset" 23
"E:/FireLab_VR/Perforce_Workspace/Perforce_Project/Content/VRBurnLab/Art/BurnLabObjects/Pine_Needle_Tray.uasset" 24
"E:/FireLab_VR/Perforce_Workspace/Perforce_Project/Content/VRBurnLab/MaterialLibrary/BurnLabObjects/_M_MasterBasic.uasset" 25
"E:/FireLab_VR/Perforce_Workspace/Perforce_Project/Content/VRBurnLab/MaterialLibrary/BurnLabObjects/M_Planter.uasset" 26
"E:/FireLab_VR/Perforce_Workspace/Perforce_Project/Content/VRBurnLab/MaterialLibrary/BurnLabObjects/T_MetalSheet_R.uasset" 27
"E:/FireLab_VR/Perforce_Workspace/Perforce_Project/Content/VRBurnLab/MaterialLibrary/BurnLabObjects/T_MetalSheet_O.uasset" 28
"E:/FireLab_VR/Perforce_Workspace/Perforce_Project/Content/VRBurnLab/MaterialLibrary/BurnLabObjects/T_MetalSheet_N.uasset" 29
"E:/FireLab_VR/Perforce_Workspace/Perforce_Project/Content/VRBurnLab/MaterialLibrary/BurnLabObjects/T_MetalSheet.uasset" 30
"../../../Engine/Content/Functions/Engine_MaterialFunctions02/Texturing/CustomRotator.uasset" 31
"E:/FireLab_VR/Perforce_Workspace/Perforce_Project/Content/VRBurnLab/MaterialLibrary/BurnLabObjects/_M_Master.uasset" 32
"E:/FireLab_VR/Perforce_Workspace/Perforce_Project/Content/VRBurnLab/MaterialLibrary/BurnLabObjects/M_MetalSheet.uasset" 33
"E:/FireLab_VR/Perforce_Workspace/Perforce_Project/Content/VRBurnLab/MaterialLibrary/BurnLabObjects/M_Green.uasset" 34
"E:/FireLab_VR/Perforce_Workspace/Perforce_Project/Content/VRBurnLab/Art/BurnLabObjects/SM_Birdhouse.uasset" 35
"E:/FireLab_VR/Perforce_Workspace/Perforce_Project/Content/VRBurnLab/MaterialLibrary/M_GenericMetal.uasset" 36
"E:/FireLab_VR/Perforce_Workspace/Perforce_Project/Content/VRBurnLab/Art/BurnLabObjects/SM_Foil.uasset" 37
"E:/FireLab_VR/Perforce_Workspace/Perforce_Project/Content/VRBurnLab/Art/BurnLabObjects/SM_FoilClothBlockout.uasset" 38
"E:/FireLab_VR/Perforce_Workspace/Perforce_Project/Content/VRBurnLab/Art/LabStructure/M_WallMiddle_FrameInner.uasset" 39
"E:/FireLab_VR/Perforce_Workspace/Perforce_Project/Content/VRBurnLab/Art/LabStructure/M_WallMiddle_Frame.uasset" 40
"E:/FireLab_VR/Perforce_Workspace/Perforce_Project/Content/VRBurnLab/Art/LabStructure/burnLab_structure_middleWall_bigWindow.uasset" 41
"E:/FireLab_VR/Perforce_Workspace/Perforce_Project/Content/VRBurnLab/Art/LabStructure/M_Structure_RoofTop.uasset" 42
"E:/FireLab_VR/Perforce_Workspace/Perforce_Project/Content/VRBurnLab/Art/LabStructure/M_WallMiddle_Base.uasset" 43
"E:/FireLab_VR/Perforce_Workspace/Perforce_Project/Content/VRBurnLab/MaterialLibrary/M_FlatRed.uasset" 44
"E:/FireLab_VR/Perforce_Workspace/Perforce_Project/Content/VRBurnLab/Art/NonburnRoomBlockout/Switch_StandIn.uasset" 45
"E:/FireLab_VR/Perforce_Workspace/Perforce_Project/Content/VRBurnLab/Art/ProofOfConcept/burnLab_modeled210613_beams.uasset" 46
"E:/FireLab_VR/Perforce_Workspace/Perforce_Project/Content/VRBurnLab/Art/ProofOfConcept/burnLab_modeled210613_brick.uasset" 47
"E:/FireLab_VR/Perforce_Workspace/Perforce_Project/Content/VRBurnLab/Art/ProofOfConcept/burnLab_modeled210613_bricks.uasset" 48
"E:/FireLab_VR/Perforce_Workspace/Perforce_Project/Content/VRBurnLab/Art/ProofOfConcept/burnLab_modeled210613_brick_001.uasset" 49
"E:/FireLab_VR/Perforce_Workspace/Perforce_Project/Content/VRBurnLab/Art/ProofOfConcept/burnLab_modeled210613_brick_002.uasset" 50
"E:/FireLab_VR/Perforce_Workspace/Perforce_Project/Content/VRBurnLab/Art/ProofOfConcept/burnLab_modeled210613_brick_003.uasset" 51
"E:/FireLab_VR/Perforce_Workspace/Perforce_Project/Content/VRBurnLab/Art/ProofOfConcept/burnLab_modeled210613_brick_004.uasset" 52
"E:/FireLab_VR/Perforce_Workspace/Perforce_Project/Content/VRBurnLab/Art/ProofOfConcept/burnLab_modeled210613_brick_005.uasset" 53
"E:/FireLab_VR/Perforce_Workspace/Perforce_Project/Content/VRBurnLab/Art/ProofOfConcept/burnLab_modeled210613_brick_006.uasset" 54
"E:/FireLab_VR/Perforce_Workspace/Perforce_Project/Content/VRBurnLab/Art/ProofOfConcept/burnLab_modeled210613_brick_007.uasset" 55
"E:/FireLab_VR/Perforce_Workspace/Perforce_Project/Content/VRBurnLab/Art/ProofOfConcept/burnLab_modeled210613_brick_008.uasset" 56
"E:/FireLab_VR/Perforce_Workspace/Perforce_Project/Content/VRBurnLab/Art/ProofOfConcept/burnLab_modeled210613_cabinet_yellow.uasset" 57
"E:/FireLab_VR/Perforce_Workspace/Perforce_Project/Content/VRBurnLab/Art/ProofOfConcept/burnLab_modeled210613_ducts.uasset" 58
"E:/FireLab_VR/Perforce_Workspace/Perforce_Project/Content/VRBurnLab/Art/ProofOfConcept/burnLab_modeled210613_fridge.uasset" 59
"E:/FireLab_VR/Perforce_Workspace/Perforce_Project/Content/VRBurnLab/Art/ProofOfConcept/burnLab_modeled210613_heater.uasset" 60
"E:/FireLab_VR/Perforce_Workspace/Perforce_Project/Content/VRBurnLab/Art/ProofOfConcept/burnLab_modeled210613_heater_001.uasset" 61
"E:/FireLab_VR/Perforce_Workspace/Perforce_Project/Content/VRBurnLab/Art/ProofOfConcept/burnLab_modeled210613_hood1.uasset" 62
"E:/FireLab_VR/Perforce_Workspace/Perforce_Project/Content/VRBurnLab/Art/ProofOfConcept/burnLab_modeled210613_hood2.uasset" 63
"E:/FireLab_VR/Perforce_Workspace/Perforce_Project/Content/VRBurnLab/Art/ProofOfConcept/burnLab_modeled210613_powerbox.uasset" 64
"E:/FireLab_VR/Perforce_Workspace/Perforce_Project/Content/VRBurnLab/Art/ProofOfConcept/burnLab_modeled210613_powerbox_001.uasset" 65
"E:/FireLab_VR/Perforce_Workspace/Perforce_Project/Content/VRBurnLab/Art/ProofOfConcept/burnLab_modeled210613_rolling_door.uasset" 66
"E:/FireLab_VR/Perforce_Workspace/Perforce_Project/Content/VRBurnLab/Art/ProofOfConcept/burnLab_modeled210613_rolling_door_frame.uasset" 67
"E:/FireLab_VR/Perforce_Workspace/Perforce_Project/Content/VRBurnLab/Art/ProofOfConcept/burnLab_modeled210613_room.uasset" 68
"E:/FireLab_VR/Perforce_Workspace/Perforce_Project/Content/VRBurnLab/Art/ProofOfConcept/burnLab_modeled210613_safe.uasset" 69
"E:/FireLab_VR/Perforce_Workspace/Perforce_Project/Content/VRBurnLab/Art/ProofOfConcept/burnLab_modeled210613_tableRound.uasset" 70
"E:/FireLab_VR/Perforce_Workspace/Perforce_Project/Content/VRBurnLab/Art/ProofOfConcept/burnLab_modeled210613_tableRound_001.uasset" 71
"E:/FireLab_VR/Perforce_Workspace/Perforce_Project/Content/VRBurnLab/Art/ProofOfConcept/burnLab_modeled210613_tableRound_002.uasset" 72
"E:/FireLab_VR/Perforce_Workspace/Perforce_Project/Content/VRBurnLab/Art/ProofOfConcept/burnLab_modeled210613_table_001.uasset" 73
"E:/FireLab_VR/Perforce_Workspace/Perforce_Project/Content/VRBurnLab/Art/ProofOfConcept/burnLab_modeled210613_table_002.uasset" 74
"E:/FireLab_VR/Perforce_Workspace/Perforce_Project/Content/VRBurnLab/Art/ProofOfConcept/burnLab_modeled210613_table_003.uasset" 75
"E:/FireLab_VR/Perforce_Workspace/Perforce_Project/Content/VRBurnLab/Art/ProofOfConcept/burnLab_modeled210613_table_004.uasset" 76
"E:/FireLab_VR/Perforce_Workspace/Perforce_Project/Content/VRBurnLab/Art/ProofOfConcept/burnLab_modeled210613_trash_metal.uasset" 77
"E:/FireLab_VR/Perforce_Workspace/Perforce_Project/Content/VRBurnLab/Art/ProofOfConcept/burnLab_modeled210613_trash_plastic.uasset" 78
"E:/FireLab_VR/Perforce_Workspace/Perforce_Project/Content/VRBurnLab/Art/ProofOfConcept/burnLab_modeled210613_tree.uasset" 79
"E:/FireLab_VR/Perforce_Workspace/Perforce_Project/Content/VRBurnLab/Art/ProofOfConcept/burnLab_modeled210613_tree_pot.uasset" 80
"E:/FireLab_VR/Perforce_Workspace/Perforce_Project/Content/VRBurnLab/Art/ProofOfConcept/burnLab_modeled210613_vent.uasset" 81
"E:/FireLab_VR/Perforce_Workspace/Perforce_Project/Content/VRBurnLab/Art/ProofOfConcept/burnLab_modeled210613_wall_w.uasset" 82
"E:/FireLab_VR/Perforce_Workspace/Perforce_Project/Content/VRBurnLab/MaterialLibrary/M_TESTGhost.uasset" 83
"../../../Engine/Content/EngineMaterials/DefaultMaterial.uasset" 84
"../../../Engine/Content/BasicShapes/Sphere.uasset" 85
"E:/FireLab_VR/Perforce_Workspace/Perforce_Project/Content/VRBurnLab/MaterialLibrary/M_Ghost.uasset" 86
"E:/FireLab_VR/Perforce_Workspace/Perforce_Project/Content/VRBurnLab/Core/Character/RayActorInterface.uasset" 87
"E:/FireLab_VR/Perforce_Workspace/Perforce_Project/Content/VirtualRealityBP/Blueprints/PickupActorInterface.uasset" 88
"../../../Engine/Content/EditorBlueprintResources/StandardMacros.uasset" 89
"E:/FireLab_VR/Perforce_Workspace/Perforce_Project/Content/VRBurnLab/Core/Character/BP_FPS.uasset" 90
"E:/FireLab_VR/Perforce_Workspace/Perforce_Project/Content/VRBurnLab/MaterialLibrary/M_Outline.uasset" 91
"E:/FireLab_VR/Perforce_Workspace/Perforce_Project/Content/VRBurnLab/MaterialLibrary/MI_OutlineBlue.uasset" 92
"E:/FireLab_VR/Perforce_Workspace/Perforce_Project/Content/VRBurnLab/Core/VFX/BP_Outline.uasset" 93
"E:/FireLab_VR/Perforce_Workspace/Perforce_Project/Content/VRBurnLab/Core/Character/BP_Outline.uasset" 94
"../../../Engine/Content/Functions/Engine_MaterialFunctions02/Utility/CameraDirectionVector.uasset" 95
"../../../Engine/Content/Functions/Engine_MaterialFunctions02/Utility/DepthFromWorldPosition.uasset" 96
"E:/FireLab_VR/Perforce_Workspace/Perforce_Project/Content/VirtualReality/Materials/MF_OccludedPixels.uasset" 97
"../../../Engine/Content/EngineMaterials/Good64x64TilingNoiseHighFreq.uasset" 98
"E:/FireLab_VR/Perforce_Workspace/Perforce_Project/Content/VirtualReality/Materials/TeleportMCP.uasset" 99
"E:/FireLab_VR/Perforce_Workspace/Perforce_Project/Content/VirtualReality/Materials/M_TeleportPreviews.uasset" 100
"E:/FireLab_VR/Perforce_Workspace/Perforce_Project/Content/VirtualReality/Materials/MI_ChaperoneOutline.uasset" 101
"E:/FireLab_VR/Perforce_Workspace/Perforce_Project/Content/VirtualReality/Materials/MI_TeleportCylinderPreview.uasset" 102
"E:/FireLab_VR/Perforce_Workspace/Perforce_Project/Content/VirtualReality/Mannequin/Character/Mesh/MannequinHand_Right_PhysicsAsset.uasset" 103
"E:/FireLab_VR/Perforce_Workspace/Perforce_Project/Content/VirtualReality/Mannequin/Character/Mesh/MannequinHand_Right_Skeleton.uasset" 104
"E:/FireLab_VR/Perforce_Workspace/Perforce_Project/Content/VirtualReality/Mannequin/Character/Textures/UE4_Mannequin_MAT_MASKA.uasset" 105
"E:/FireLab_VR/Perforce_Workspace/Perforce_Project/Content/VirtualReality/Mannequin/Character/Textures/UE4_Mannequin__normals.uasset" 106
"E:/FireLab_VR/Perforce_Workspace/Perforce_Project/Content/VirtualReality/Mannequin/Character/Materials/M_HandMat.uasset" 107
"E:/FireLab_VR/Perforce_Workspace/Perforce_Project/Content/VirtualReality/Mannequin/Character/Mesh/MannequinHand_Right.uasset" 108
"E:/FireLab_VR/Perforce_Workspace/Perforce_Project/Content/VirtualRealityBP/Blueprints/GripEnum.uasset" 109
"E:/FireLab_VR/Perforce_Workspace/Perforce_Project/Content/VirtualReality/Mannequin/Animations/MannequinHand_Right_CanGrab.uasset" 110
"E:/FireLab_VR/Perforce_Workspace/Perforce_Project/Content/VirtualReality/Mannequin/Animations/MannequinHand_Right_Grab.uasset" 111
"E:/FireLab_VR/Perforce_Workspace/Perforce_Project/Content/VirtualReality/Mannequin/Animations/MannequinHand_Right_Open.uasset" 112
"E:/FireLab_VR/Perforce_Workspace/Perforce_Project/Content/VirtualReality/Mannequin/Animations/RightGrip_BS.uasset" 113
"E:/FireLab_VR/Perforce_Workspace/Perforce_Project/Content/VirtualReality/Mannequin/Animations/RightHand_AnimBP.uasset" 114
"../../../Engine/Content/Functions/Engine_MaterialFunctions02/Utility/BreakOutFloat2Components.uasset" 115
"../../../Engine/Content/Functions/Engine_MaterialFunctions01/Texturing/ScaleUVsByCenter.uasset" 116
"../../../Engine/Content/Functions/Engine_MaterialFunctions02/ScreenResolution.uasset" 117
"../../../Engine/Content/Functions/Engine_MaterialFunctions02/Texturing/ScreenAlignedUVs.uasset" 118
"E:/FireLab_VR/Perforce_Workspace/Perforce_Project/Content/VirtualReality/Materials/M_ArcEndpoint.uasset" 119
"../../../Engine/Content/BasicShapes/Cylinder.uasset" 120
"E:/FireLab_VR/Perforce_Workspace/Perforce_Project/Content/VRBurnLab/MaterialLibrary/M_GhostGreen.uasset" 121
"E:/FireLab_VR/Perforce_Workspace/Perforce_Project/Content/VirtualRealityBP/Blueprints/MotionControllerHaptics.uasset" 122
"E:/FireLab_VR/Perforce_Workspace/Perforce_Project/Content/VirtualReality/Meshes/SM_FatCylinder.uasset" 123
"E:/FireLab_VR/Perforce_Workspace/Perforce_Project/Content/VirtualReality/Meshes/BeamMesh.uasset" 124
"E:/FireLab_VR/Perforce_Workspace/Perforce_Project/Content/VirtualReality/Meshes/BeaconDirection.uasset" 125
"E:/FireLab_VR/Perforce_Workspace/Perforce_Project/Content/VirtualReality/Meshes/1x1_cube.uasset" 126
"E:/FireLab_VR/Perforce_Workspace/Perforce_Project/Content/VirtualReality/Materials/M_SplineArcMat.uasset" 127
"E:/FireLab_VR/Perforce_Workspace/Perforce_Project/Content/VirtualRealityBP/Blueprints/BP_MotionController.uasset" 128
"E:/FireLab_VR/Perforce_Workspace/Perforce_Project/Content/VirtualRealityBP/Blueprints/MotionControllerPawn.uasset" 129
"E:/FireLab_VR/Perforce_Workspace/Perforce_Project/Content/VRBurnLab/MaterialLibrary/MI_OutlineGold.uasset" 130
"../../../Engine/Content/BasicShapes/BasicShapeMaterial.uasset" 131
"../../../Engine/Content/BasicShapes/Plane.uasset" 132
"E:/FireLab_VR/Perforce_Workspace/Perforce_Project/Content/VRBurnLab/Core/Menu/BP_ButtonPlane.uasset" 133
"E:/FireLab_VR/Perforce_Workspace/Perforce_Project/Content/VRBurnLab/Core/Menu/BP_ButtonToggleTV.uasset" 134
"E:/FireLab_VR/Perforce_Workspace/Perforce_Project/Content/VirtualReality/Materials/M_BaseMaterial.uasset" 135
"E:/FireLab_VR/Perforce_Workspace/Perforce_Project/Content/VirtualReality/Materials/MI_SmallCubes.uasset" 136
"E:/FireLab_VR/Perforce_Workspace/Perforce_Project/Content/Geometry/Meshes/1M_Cube.uasset" 137
"E:/FireLab_VR/Perforce_Workspace/Perforce_Project/Content/VRBurnLab/Core/Menu/BP_EscapeCube.uasset" 138
"E:/FireLab_VR/Perforce_Workspace/Perforce_Project/Content/VRBurnLab/Maps/EffectsTest.uasset" 139
"E:/FireLab_VR/Perforce_Workspace/Perforce_Project/Content/VRBurnLab/Maps/Archive/EffectsTest_BuiltData.uasset" 140
"E:/FireLab_VR/Perforce_Workspace/Perforce_Project/Content/VRBurnLab/Maps/EffectsTest_BuiltData.uasset" 141
"E:/FireLab_VR/Perforce_Workspace/Perforce_Project/Content/VRBurnLab/Maps/VRBurnLab_v02.uasset" 142
"E:/FireLab_VR/Perforce_Workspace/Perforce_Project/Content/VRBurnLab/Maps/Archive/VRBurnLab_v02_BuiltData.uasset" 143
"E:/FireLab_VR/Perforce_Workspace/Perforce_Project/Content/VRBurnLab/Maps/VRBurnLab_v02_BuiltData.uasset" 144
"E:/FireLab_VR/Perforce_Workspace/Perforce_Project/Content/VRBurnLab/Art/LabStructure/T_GrassDeadseamless.uasset" 145
"E:/FireLab_VR/Perforce_Workspace/Perforce_Project/Content/VRBurnLab/MaterialLibrary/GrassDeadseamless_Mat.uasset" 146
"E:/FireLab_VR/Perforce_Workspace/Perforce_Project/Content/VRBurnLab/MaterialLibrary/BurnLabObjects/T_BranchLong.uasset" 147
"E:/FireLab_VR/Perforce_Workspace/Perforce_Project/Content/VRBurnLab/MaterialLibrary/BurnLabObjects/qgosH2_Preview.uasset" 148
"E:/FireLab_VR/Perforce_Workspace/Perforce_Project/Content/VRBurnLab/MaterialLibrary/BurnLabObjects/T_BranchLong_N.uasset" 149
"E:/FireLab_VR/Perforce_Workspace/Perforce_Project/Content/VRBurnLab/MaterialLibrary/BurnLabObjects/qgosH_2K_Normal.uasset" 150
"E:/FireLab_VR/Perforce_Workspace/Perforce_Project/Content/VRBurnLab/MaterialLibrary/BurnLabObjects/T_BranchLong_A.uasset" 151
"E:/FireLab_VR/Perforce_Workspace/Perforce_Project/Content/VRBurnLab/MaterialLibrary/BurnLabObjects/qgosH_2K_Opacity.uasset" 152
"E:/FireLab_VR/Perforce_Workspace/Perforce_Project/Content/VRBurnLab/Placeables/Decor/M_DoorMetal.uasset" 153
"E:/FireLab_VR/Perforce_Workspace/Perforce_Project/Content/VRBurnLab/Placeables/Pickups/burnLab_brick.uasset" 154
"E:/FireLab_VR/Perforce_Workspace/Perforce_Project/Content/VRBurnLab/Placeables/Ghosts/BP_GhostFireExtinguisher.uasset" 155
"E:/FireLab_VR/Perforce_Workspace/Perforce_Project/Content/VRBurnLab/Placeables/Ghosts/BP_GhostFuel.uasset" 156
"E:/FireLab_VR/Perforce_Workspace/Perforce_Project/Content/VRBurnLab/Placeables/Pickups/M_JackPlastic.uasset" 157
"E:/FireLab_VR/Perforce_Workspace/Perforce_Project/Content/VRBurnLab/Placeables/Pickups/M_JackMetal.uasset" 158
"E:/FireLab_VR/Perforce_Workspace/Perforce_Project/Content/VRBurnLab/Placeables/Pickups/burnLab_tablejack_noAni.uasset" 159
"E:/FireLab_VR/Perforce_Workspace/Perforce_Project/Content/VRBurnLab/Placeables/Ghosts/BP_GhostTableJack.uasset" 160
"E:/FireLab_VR/Perforce_Workspace/Perforce_Project/Content/VRBurnLab/MaterialLibrary/M_FlatWhite.uasset" 161
"E:/FireLab_VR/Perforce_Workspace/Perforce_Project/Content/VRBurnLab/MaterialLibrary/BurnLabObjects/T_BranchShort_A.uasset" 162
"E:/FireLab_VR/Perforce_Workspace/Perforce_Project/Content/VRBurnLab/MaterialLibrary/BurnLabObjects/qgptA_2K_Opacity.uasset" 163
"E:/FireLab_VR/Perforce_Workspace/Perforce_Project/Content/VRBurnLab/MaterialLibrary/BurnLabObjects/T_BranchShort_N.uasset" 164
"E:/FireLab_VR/Perforce_Workspace/Perforce_Project/Content/VRBurnLab/MaterialLibrary/BurnLabObjects/qgptA_2K_Normal.uasset" 165
"E:/FireLab_VR/Perforce_Workspace/Perforce_Project/Content/VRBurnLab/MaterialLibrary/BurnLabObjects/T_BranchShort.uasset" 166
"E:/FireLab_VR/Perforce_Workspace/Perforce_Project/Content/VRBurnLab/MaterialLibrary/BurnLabObjects/qgptA2_Preview.uasset" 167
"E:/FireLab_VR/Perforce_Workspace/Perforce_Project/Content/VRBurnLab/MaterialLibrary/BurnLabObjects/_M_MasterMasked.uasset" 168
"E:/FireLab_VR/Perforce_Workspace/Perforce_Project/Content/VRBurnLab/MaterialLibrary/BurnLabObjects/M_BranchShort.uasset" 169
"E:/FireLab_VR/Perforce_Workspace/Perforce_Project/Content/VRBurnLab/MaterialLibrary/BurnLabObjects/M_BranchLong.uasset" 170
"E:/FireLab_VR/Perforce_Workspace/Perforce_Project/Content/VRBurnLab/Art/BurnLabObjects/SM_PineTree.uasset" 171
"E:/FireLab_VR/Perforce_Workspace/Perforce_Project/Content/VRBurnLab/Placeables/Pickups/BP_PUPineSapling.uasset" 172
"E:/FireLab_VR/Perforce_Workspace/Perforce_Project/Content/VRBurnLab/Placeables/Ghosts/BP_GhostSapling.uasset" 173
"E:/FireLab_VR/Perforce_Workspace/Perforce_Project/Content/VRBurnLab/MaterialLibrary/BurnLabObjects/T_Needles_A.uasset" 174
"E:/FireLab_VR/Perforce_Workspace/Perforce_Project/Content/VRBurnLab/MaterialLibrary/BurnLabObjects/M_Ghost_A.uasset" 175
"E:/FireLab_VR/Perforce_Workspace/Perforce_Project/Content/VRBurnLab/MaterialLibrary/BurnLabObjects/T_Needles_N.uasset" 176
"E:/FireLab_VR/Perforce_Workspace/Perforce_Project/Content/VRBurnLab/MaterialLibrary/BurnLabObjects/T_Needles.uasset" 177
"E:/FireLab_VR/Perforce_Workspace/Perforce_Project/Content/VRBurnLab/MaterialLibrary/BurnLabObjects/M_Needles.uasset" 178
"E:/FireLab_VR/Perforce_Workspace/Perforce_Project/Content/VRBurnLab/Art/BurnLabObjects/SM_NeedleThick.uasset" 179
"E:/FireLab_VR/Perforce_Workspace/Perforce_Project/Content/VRBurnLab/Art/BurnLabObjects/BP_NeedleGroup.uasset" 180
"E:/FireLab_VR/Perforce_Workspace/Perforce_Project/Content/VRBurnLab/Placeables/Ghosts/BP_GhostNeedles.uasset" 181
"E:/FireLab_VR/Perforce_Workspace/Perforce_Project/Content/VRBurnLab/Placeables/Pickups/M_Board.uasset" 182
"E:/FireLab_VR/Perforce_Workspace/Perforce_Project/Content/VRBurnLab/Placeables/Pickups/burnLab_board.uasset" 183
"E:/FireLab_VR/Perforce_Workspace/Perforce_Project/Content/VRBurnLab/Placeables/Pickups/BP_PUBoard.uasset" 184
"E:/FireLab_VR/Perforce_Workspace/Perforce_Project/Content/VRBurnLab/Placeables/Ghosts/BP_GhostBoard.uasset" 185
"E:/FireLab_VR/Perforce_Workspace/Perforce_Project/Content/VRBurnLab/Core/GM_LabVR.uasset" 186
"E:/FireLab_VR/Perforce_Workspace/Perforce_Project/Content/VRBurnLab/Placeables/Ghosts/BP_GhostBrick.uasset" 187
"E:/FireLab_VR/Perforce_Workspace/Perforce_Project/Content/VRBurnLab/Placeables/Ghosts/SM_Ghost_Brick.uasset" 188
"E:/FireLab_VR/Perforce_Workspace/Perforce_Project/Content/VRBurnLab/Art/BurnLabObjects/Material__55.uasset" 189
"E:/FireLab_VR/Perforce_Workspace/Perforce_Project/Content/VRBurnLab/Art/BurnLabObjects/Material__43.uasset" 190
"E:/FireLab_VR/Perforce_Workspace/Perforce_Project/Content/VRBurnLab/Art/BurnLabObjects/AluminumTape.uasset" 191
"E:/FireLab_VR/Perforce_Workspace/Perforce_Project/Content/VRBurnLab/Placeables/Interactions/BP_FoilBox.uasset" 192
"E:/FireLab_VR/Perforce_Workspace/Perforce_Project/Content/VRBurnLab/Placeables/Interactions/BP_Foil.uasset" 193
"E:/FireLab_VR/Perforce_Workspace/Perforce_Project/Content/VRBurnLab/Placeables/Pickups/BP_PUBrick.uasset" 194
"E:/FireLab_VR/Perforce_Workspace/Perforce_Project/Content/VRBurnLab/Placeables/Pickups/BP_Brick.uasset" 195
"E:/FireLab_VR/Perforce_Workspace/Perforce_Project/Content/VRBurnLab/Placeables/Pickups/burnLab_treepot_TEST_leaves.uasset" 196
"E:/FireLab_VR/Perforce_Workspace/Perforce_Project/Content/VRBurnLab/Placeables/Pickups/burnLab_treepot_TEST_tree.uasset" 197
"E:/FireLab_VR/Perforce_Workspace/Perforce_Project/Content/VRBurnLab/Placeables/Pickups/burnLab_treepot_TEST_tree_pot.uasset" 198
"E:/FireLab_VR/Perforce_Workspace/Perforce_Project/Content/VRBurnLab/Placeables/Pickups/TableJack/burnLab_tablejack_Skeleton.uasset" 199
"E:/FireLab_VR/Perforce_Workspace/Perforce_Project/Content/VRBurnLab/Placeables/Pickups/TableJack/burnLab_tablejack_PhysicsAsset.uasset" 200
"E:/FireLab_VR/Perforce_Workspace/Perforce_Project/Content/VRBurnLab/Placeables/Pickups/TableJack/M_JackPlastic.uasset" 201
"E:/FireLab_VR/Perforce_Workspace/Perforce_Project/Content/VRBurnLab/Placeables/Pickups/TableJack/M_JackMetal.uasset" 202
"E:/FireLab_VR/Perforce_Workspace/Perforce_Project/Content/VRBurnLab/Placeables/Pickups/TableJack/burnLab_tablejack.uasset" 203
"../../../Engine/Content/Animation/DefaultAnimBoneCompressionSettings.uasset" 204
"../../../Engine/Content/Animation/DefaultAnimCurveCompressionSettings.uasset" 205
"../../../Engine/Content/ArtTools/RenderToTexture/Meshes/S_1_Unit_Plane.uasset" 206
"../../../Engine/Content/BasicShapes/Cone.uasset" 207
"../../../Engine/Content/EditorLandscapeResources/DataLayer.uasset" 208
"../../../Engine/Content/EditorLandscapeResources/DefaultAlphaTexture.uasset" 209
"../../../Engine/Content/EditorMaterials/MAT_Groups_Toggle.uasset" 210
"../../../Engine/Content/EditorMaterials/MAT_Groups_Visibility.uasset" 211
"../../../Engine/Content/EditorMaterials/PreviewShadowIndicator.uasset" 212
"../../../Engine/Content/EditorMaterials/PreviewShadowIndicatorMaterial.uasset" 213
"../../../Engine/Content/EditorMaterials/MatineeGroups/MAT_ColorTrack.uasset" 214
"../../../Engine/Content/EditorMaterials/MatineeGroups/MAT_Groups_Anim.uasset" 215
"../../../Engine/Content/EditorMaterials/MatineeGroups/MAT_Groups_AudioMaster.uasset" 216
"../../../Engine/Content/EditorMaterials/MatineeGroups/MAT_Groups_Director.uasset" 217
"../../../Engine/Content/EditorMaterials/MatineeGroups/MAT_Groups_Event.uasset" 218
"../../../Engine/Content/EditorMaterials/MatineeGroups/MAT_Groups_Fade.uasset" 219
"../../../Engine/Content/EditorMaterials/MatineeGroups/MAT_Groups_Float.uasset" 220
"../../../Engine/Content/EditorMaterials/MatineeGroups/MAT_Groups_Move.uasset" 221
"../../../Engine/Content/EditorMaterials/MatineeGroups/MAT_Groups_Slomo.uasset" 222
"../../../Engine/Content/EditorMaterials/MatineeGroups/MAT_Groups_Sound.uasset" 223
"../../../Engine/Content/EditorMaterials/MatineeGroups/MAT_Groups_Vector.uasset" 224
"../../../Engine/Content/EditorMaterials/ParticleSystems/PSysThumbnail_NoImage.uasset" 225
"../../../Engine/Content/EditorMaterials/ParticleSystems/PSysThumbnail_OOD.uasset" 226
"../../../Engine/Content/EditorMaterials/Camera/CineMat.uasset" 227
"../../../Engine/Content/EditorMaterials/Camera/MI_CineMat_Rig.uasset" 228
"../../../Engine/Content/EditorMeshes/Camera/SM_CraneRig_Arm.uasset" 229
"../../../Engine/Content/EditorMeshes/Camera/SM_CraneRig_Base.uasset" 230
"../../../Engine/Content/EditorMeshes/Camera/SM_CraneRig_Body.uasset" 231
"../../../Engine/Content/EditorMeshes/Camera/SM_CraneRig_Mount.uasset" 232
"../../../Engine/Content/EditorMeshes/Camera/SM_RailRig_Mount.uasset" 233
"../../../Engine/Content/EditorMeshes/Camera/SM_RailRig_Track.uasset" 234
"../../../Engine/Content/EditorResources/BSPVertex.uasset" 235
"../../../Engine/Content/EditorResources/EmptyActor.uasset" 236
"../../../Engine/Content/EditorResources/S_Actor.uasset" 237
"../../../Engine/Content/EditorResources/S_Note.uasset" 238
"../../../Engine/Content/EditorResources/S_Solver.uasset" 239
"../../../Engine/Content/EditorResources/S_Terrain.uasset" 240
"../../../Engine/Content/EditorResources/S_Trigger.uasset" 241
"../../../Engine/Content/EditorResources/AudioIcons/S_AudioComponent_AutoActivate.uasset" 242
"../../../Engine/Content/EditorResources/LightIcons/S_LightError.uasset" 243
"../../../Engine/Content/EditorResources/SequenceRecorder/Countdown.uasset" 244
"../../../Engine/Content/EditorResources/SequenceRecorder/RecordingIndicator.uasset" 245
"../../../Engine/Content/EngineDamageTypes/DmgTypeBP_Environmental.uasset" 246
"../../../Engine/Content/EngineDebugMaterials/DebugEditorMaterial.uasset" 247
"../../../Engine/Content/EngineDebugMaterials/DebugMeshMaterial.uasset" 248
"../../../Engine/Content/EngineDebugMaterials/M_SimpleUnlitTranslucent.uasset" 249
"../../../Engine/Content/EngineDebugMaterials/VolumeToRender.uasset" 250
"../../../Engine/Content/EngineDebugMaterials/M_VolumeRenderSphereTracePP.uasset" 251
"../../../Engine/Content/Functions/Engine_MaterialFunctions01/Shading/ConvertFromDiffSpec.uasset" 252
"../../../Engine/Content/EngineDebugMaterials/VertexColorMaterial.uasset" 253
"../../../Engine/Content/EngineDebugMaterials/WireframeMaterial.uasset" 254
"../../../Engine/Content/EngineFonts/Faces/RobotoRegular.uasset" 255
"../../../Engine/Content/EngineFonts/Faces/RobotoLight.uasset" 256
"../../../Engine/Content/EngineFonts/Faces/RobotoItalic.uasset" 257
"../../../Engine/Content/EngineFonts/Faces/RobotoBoldItalic.uasset" 258
"../../../Engine/Content/EngineFonts/Faces/RobotoBold.uasset" 259
"../../../Engine/Content/EngineFonts/Faces/DroidSansFallback.uasset" 260
"../../../Engine/Content/EngineFonts/Roboto.uasset" 261
"../../../Engine/Content/EngineMaterials/BaseFlattenNormalMap.uasset" 262
"../../../Engine/Content/EngineMaterials/BaseFlattenGrayscaleMap.uasset" 263
"../../../Engine/Content/EngineMaterials/BaseFlattenEmissiveMap.uasset" 264
"../../../Engine/Content/EngineMaterials/BaseFlattenDiffuseMap.uasset" 265
"../../../Engine/Content/EngineMaterials/BaseFlattenMaterial.uasset" 266
"../../../Engine/Content/EngineMaterials/BlueNoise.uasset" 267
"../../../Engine/Content/EngineMaterials/DefaultBloomKernel.uasset" 268
"../../../Engine/Content/EngineMaterials/DefaultBokeh.uasset" 269
"../../../Engine/Content/EngineMaterials/DefaultDiffuse.uasset" 270
"../../../Engine/Content/EngineMaterials/DefaultDeferredDecalMaterial.uasset" 271
"../../../Engine/Content/EngineMaterials/DefaultLightFunctionMaterial.uasset" 272
"../../../Engine/Content/EngineMaterials/DefaultPhysicalMaterial.uasset" 273
"../../../Engine/Content/EngineMaterials/DefaultPostProcessMaterial.uasset" 274
"../../../Engine/Content/EngineFonts/RobotoDistanceField.uasset" 275
"../../../Engine/Content/EngineMaterials/DefaultTextMaterialOpaque.uasset" 276
"../../../Engine/Content/EngineMaterials/DefaultWhiteGrid.uasset" 277
"../../../Engine/Content/EngineMaterials/DefaultWhiteGrid_Low.uasset" 278
"../../../Engine/Content/EngineMaterials/EmissiveMeshMaterial.uasset" 279
"../../../Engine/Content/EngineMaterials/GizmoMaterial.uasset" 280
"../../../Engine/Content/EngineMaterials/MiniFont.uasset" 281
"../../../Engine/Content/EngineMaterials/InvalidLightmapSettings.uasset" 282
"../../../Engine/Content/EngineMaterials/M_InvalidLightmapSettings.uasset" 283
"../../../Engine/Content/Functions/Engine_MaterialFunctions02/WorldPositionOffset/CameraOffset.uasset" 284
"../../../Engine/Content/EngineMaterials/PhAT_JointLimitMaterial.uasset" 285
"../../../Engine/Content/EngineMaterials/PreintegratedSkinBRDF.uasset" 286
"../../../Engine/Content/EngineMaterials/RemoveSurfaceMaterial.uasset" 287
"../../../Engine/Content/EngineMaterials/WeightMapPlaceholderTexture.uasset" 288
"../../../Engine/Content/EngineResources/WhiteSquareTexture.uasset" 289
"../../../Engine/Content/EngineMaterials/Widget3DPassThrough.uasset" 290
"../../../Engine/Content/EngineMaterials/Widget3DPassThrough_Masked.uasset" 291
"../../../Engine/Content/EngineMaterials/Widget3DPassThrough_Opaque.uasset" 292
"../../../Engine/Content/EngineMaterials/Widget3DPassThrough_Masked_OneSided.uasset" 293
"../../../Engine/Content/EngineMaterials/Widget3DPassThrough_Opaque_OneSided.uasset" 294
"../../../Engine/Content/EngineMaterials/Widget3DPassThrough_Translucent.uasset" 295
"../../../Engine/Content/EngineMaterials/Widget3DPassThrough_Translucent_OneSided.uasset" 296
"../../../Engine/Content/EngineMeshes/Sphere.uasset" 297
"../../../Engine/Content/EngineResources/Black.uasset" 298
"../../../Engine/Content/EngineResources/DefaultTextureCube.uasset" 299
"../../../Engine/Content/EngineResources/DefaultVolumeTexture2D.uasset" 300
"../../../Engine/Content/EngineResources/DefaultVolumeTexture.uasset" 301
"../../../Engine/Content/EngineResources/GradientTexture0.uasset" 302
"../../../Engine/Content/EngineSky/VolumetricClouds/T_NoiseShape64.uasset" 303
"../../../Engine/Content/EngineSky/VolumetricClouds/T_VolumeNoiseShape64.uasset" 304
"../../../Engine/Content/EngineSky/VolumetricClouds/T_NoiseErosion.uasset" 305
"../../../Engine/Content/EngineSky/VolumetricClouds/T_VolumeNoiseErosion32.uasset" 306
"../../../Engine/Content/EngineSky/VolumetricClouds/CloudWeatherTexture.uasset" 307
"../../../Engine/Content/EngineSky/VolumetricClouds/CloudGradientTexture.uasset" 308
"../../../Engine/Content/Functions/Engine_MaterialFunctions02/Utility/MakeFloat2.uasset" 309
"../../../Engine/Content/EngineSky/VolumetricClouds/m_SimpleVolumetricCloud.uasset" 310
"../../../Engine/Content/EngineSky/VolumetricClouds/m_SimpleVolumetricCloud_Inst.uasset" 311
"../../../Engine/Content/EngineSounds/Master.uasset" 312
"../../../Engine/Content/Functions/Engine_MaterialFunctions01/Shading/PowerToRoughness.uasset" 313
"../../../Engine/Content/Maps/Templates/Thumbnails/Default.uasset" 314
"../../../Engine/Content/Maps/Templates/Thumbnails/TimeOfDay.uasset" 315
"../../../Engine/Content/Maps/Templates/Thumbnails/VR-Basic.uasset" 316
"../../../Engine/Content/MobileResources/T_MobileControls_texture.uasset" 317
"../../../Engine/Content/MobileResources/T_MobileMenu2.uasset" 318
"../../../Engine/Content/MobileResources/HUD/AnalogHat.uasset" 319
"../../../Engine/Content/MobileResources/HUD/VirtualJoystick_Thumb.uasset" 320
"../../../Engine/Content/MobileResources/HUD/VirtualJoystick_Background.uasset" 321
"../../../Engine/Content/MobileResources/HUD/DefaultVirtualJoysticks.uasset" 322
"../../../Engine/Content/MobileResources/HUD/LeftVirtualJoystickOnly.uasset" 323
"../../../Engine/Content/MobileResources/HUD/MobileHUDButton1_off.uasset" 324
"../../../Engine/Content/MobileResources/HUD/MobileHUDButton1_on.uasset" 325
"../../../Engine/Content/MobileResources/HUD/MobileHUDButton2_off.uasset" 326
"../../../Engine/Content/MobileResources/HUD/MobileHUDButton2_on.uasset" 327
"../../../Engine/Content/MobileResources/HUD/MobileHUDButton3.uasset" 328
"../../../Engine/Content/MobileResources/HUD/MobileHUDButtonFire.uasset" 329
"../../../Engine/Content/MobileResources/HUD/MobileHUDDirectionPad.uasset" 330
"../../../Engine/Content/MobileResources/HUD/MobileHUDDirectionPad2.uasset" 331
"../../../Engine/Content/MobileResources/HUD/MobileHUDDirectionPad3.uasset" 332
"../../../Engine/Content/MobileResources/HUD/MobileHUDDirectionStick.uasset" 333
"../../../Engine/Content/MobileResources/HUD/T_Castle_ThumbstickInner.uasset" 334
"../../../Engine/Content/MobileResources/HUD/T_Castle_ThumbstickOutter.uasset" 335
"../../../Engine/Content/Tutorial/ContentIntroCurve.uasset" 336
"../../../Engine/Content/Tutorial/Basics/LevelEditorAttract.uasset" 337
"../../../Engine/Content/Tutorial/Installation/InstallingVisualStudioTutorial.uasset" 338
"../../../Engine/Content/VREditor/TransformGizmo/TranslucentTransformGizmoMaterial.uasset" 339
"../../../Engine/Content/VREditor/LaserPointer/VR_LaserPower_01.uasset" 340
"../../../Engine/Content/VREditor/TransformGizmo/TransformGizmoMaterial.uasset" 341
"../../../Engine/Content/VREditor/TransformGizmo/BoundingBoxCorner.uasset" 342
"../../../Engine/Content/VREditor/TransformGizmo/BoundingBoxEdge.uasset" 343
"../../../Engine/Content/VREditor/TransformGizmo/PlaneTranslationHandle.uasset" 344
"../../../Engine/Content/VREditor/TransformGizmo/Xray.uasset" 345
"../../../Engine/Content/VREditor/TransformGizmo/Main.uasset" 346
"../../../Engine/Content/VREditor/TransformGizmo/SM_Sequencer_Key.uasset" 347
"../../../Engine/Content/VREditor/TransformGizmo/SM_Sequencer_Node.uasset" 348
"../../Plugins/2D/Paper2D/Content/PlaceholderTextures/DummySpriteTexture.uasset" 349
"../../Plugins/2D/Paper2D/Content/DummySprite.uasset" 350
"../../Plugins/2D/Paper2D/Content/DefaultPaperTerrainMaterial.uasset" 351
"../../Plugins/2D/Paper2D/Content/DefaultSpriteMaterial.uasset" 352
"../../Plugins/2D/Paper2D/Content/MaskedUnlitSpriteMaterial.uasset" 353
"../../Plugins/2D/Paper2D/Content/OpaqueUnlitSpriteMaterial.uasset" 354
"../../../Engine/Content/Functions/Engine_MaterialFunctions02/Utility/BreakOutFloat3Components.uasset" 355
"../../Plugins/Editor/SpeedTreeImporter/Content/SpeedTree9/UnpackInteger3.uasset" 356
"../../Plugins/Editor/SpeedTreeImporter/Content/SpeedTree9/UnpackDirection.uasset" 357
"../../Plugins/Editor/SpeedTreeImporter/Content/SpeedTree9/game_wind_noise.uasset" 358
"../../../Engine/Content/Functions/Engine_MaterialFunctions02/SafeNormalize.uasset" 359
"../../Plugins/Editor/SpeedTreeImporter/Content/SpeedTree9/SpeedTreeWindMotion.uasset" 360
"../../Plugins/Editor/SpeedTreeImporter/Content/SpeedTree9/SpeedTreeBranchMotion.uasset" 361
"../../../Engine/Content/Functions/Engine_MaterialFunctions02/ObjectLocalBounds.uasset" 362
"../../../Engine/Content/Functions/Engine_MaterialFunctions02/UVs/BoundingBoxBased_0-1_UVW.uasset" 363
"../../Plugins/Editor/SpeedTreeImporter/Content/SpeedTree9/SpeedTreeWind.uasset" 364
"../../Plugins/Editor/SpeedTreeImporter/Content/SpeedTree9/SpeedTreeBillboard.uasset" 365
"../../../Engine/Content/EngineResources/DefaultTexture.uasset" 366
"../../Plugins/Editor/SpeedTreeImporter/Content/SpeedTree9/SpeedTreeBillboardMaster.uasset" 367
"../../Plugins/Editor/SpeedTreeImporter/Content/SpeedTree9/SpeedTreeCameraFacing.uasset" 368
"../../Plugins/Editor/SpeedTreeImporter/Content/SpeedTree9/SpeedTreeMaster.uasset" 369
"../../../Engine/Content/ArtTools/RenderToTexture/Materials/Debug/M_Emissive_Color.uasset" 370
"../../Plugins/Lumin/MagicLeapPassableWorld/Content/MagicLeapARPinInfoActor.uasset" 371
"../../../Engine/Content/Functions/Engine_MaterialFunctions02/Utility/BreakOutFloat4Components.uasset" 372
"../../../Engine/Content/Functions/Engine_MaterialFunctions02/Utility/MakeFloat3.uasset" 373
"../../Plugins/Runtime/Oculus/OculusVR/Content/Materials/OculusMR_ChromaKey.uasset" 374
"../../Plugins/Runtime/Oculus/OculusVR/Content/Materials/OculusMR_OpaqueColoredMaterial.uasset" 375
"../../Plugins/Runtime/Oculus/OculusVR/Content/Materials/PokeAHoleMaterial.uasset" 376
"../../../Engine/Content/EngineSky/T_Sky_Clouds_M.uasset" 377
"../../../Engine/Content/EngineSky/T_Sky_Stars.uasset" 378
"../../../Engine/Content/EngineSky/T_Sky_Blue.uasset" 379
"../../../Engine/Content/EngineSky/M_Sky_Panning_Clouds2.uasset" 380
"../../../Engine/Content/EngineSky/SM_SkySphere.uasset" 381
"../../../Engine/Content/EngineSky/C_Sky_Zenith_Color.uasset" 382
"../../../Engine/Content/EngineSky/C_Sky_Horizon_Color.uasset" 383
"../../../Engine/Content/EngineSky/C_Sky_Cloud_Color.uasset" 384
"../../../Engine/Content/EngineSky/BP_Sky_Sphere.uasset" 385
"E:/FireLab_VR/Perforce_Workspace/Perforce_Project/Content/VirtualReality/Materials/MI_BaseMaterial3.uasset" 386
"E:/FireLab_VR/Perforce_Workspace/Perforce_Project/Content/VirtualReality/Materials/MI_BaseMaterial2.uasset" 387
"E:/FireLab_VR/Perforce_Workspace/Perforce_Project/Content/VRBurnLab/Art/BurnLabObjects/Pine_Tree.uasset" 388
"E:/FireLab_VR/Perforce_Workspace/Perforce_Project/Content/VirtualRealityBP/Blueprints/BP_PickupCube.uasset" 389
"E:/FireLab_VR/Perforce_Workspace/Perforce_Project/Content/Levels/Clayton_Level.umap" 390
"E:/FireLab_VR/Perforce_Workspace/Perforce_Project/Content/Levels/Jacob_Level.umap" 391
"E:/FireLab_VR/Perforce_Workspace/Perforce_Project/Content/VirtualRealityBP/Maps/HMDLocomotionMap_BuiltData.uasset" 392
"E:/FireLab_VR/Perforce_Workspace/Perforce_Project/Content/VirtualRealityBP/Blueprints/HMDLocomotionPawn.uasset" 393
"E:/FireLab_VR/Perforce_Workspace/Perforce_Project/Content/VirtualRealityBP/Maps/HMDLocomotionMap.umap" 394
"E:/FireLab_VR/Perforce_Workspace/Perforce_Project/Content/VirtualRealityBP/Maps/MotionControllerMap_BuiltData.uasset" 395
"E:/FireLab_VR/Perforce_Workspace/Perforce_Project/Content/VirtualRealityBP/Maps/MotionControllerMap.umap" 396
"E:/FireLab_VR/Perforce_Workspace/Perforce_Project/Content/VirtualReality/Materials/GenericHMDMaterial.uasset" 397
"../../../Engine/Content/MapTemplates/Sky/DaylightAmbientCubemap.uasset" 398
"E:/FireLab_VR/Perforce_Workspace/Perforce_Project/Content/VirtualRealityBP/Maps/StartupMap_BuiltData.uasset" 399
"E:/FireLab_VR/Perforce_Workspace/Perforce_Project/Content/VirtualReality/Meshes/GenericHMD.uasset" 400
"E:/FireLab_VR/Perforce_Workspace/Perforce_Project/Content/VirtualRealityBP/Maps/StartupMap.umap" 401
"E:/FireLab_VR/Perforce_Workspace/Perforce_Project/Content/Movies/MP_Screen2.uasset" 402
"E:/FireLab_VR/Perforce_Workspace/Perforce_Project/Content/Movies/MP_Screen2_Video.uasset" 403
"E:/FireLab_VR/Perforce_Workspace/Perforce_Project/Content/Movies/MP_Screen2_Video_Mat.uasset" 404
"E:/FireLab_VR/Perforce_Workspace/Perforce_Project/Content/VRBurnLab/Core/VFX/WebcamTarget.uasset" 405
"E:/FireLab_VR/Perforce_Workspace/Perforce_Project/Content/VRBurnLab/Core/VFX/MP_BurnVideo.uasset" 406
"E:/FireLab_VR/Perforce_Workspace/Perforce_Project/Content/VRBurnLab/Core/VFX/M_Screen.uasset" 407
"E:/FireLab_VR/Perforce_Workspace/Perforce_Project/Content/VRBurnLab/Core/VFX/MP_BurnVideo_Video.uasset" 408
"E:/FireLab_VR/Perforce_Workspace/Perforce_Project/Content/VRBurnLab/Core/VFX/M_BurnVideo.uasset" 409
"E:/FireLab_VR/Perforce_Workspace/Perforce_Project/Content/VRBurnLab/Core/VFX/MS_BurnVideo.uasset" 410
"E:/FireLab_VR/Perforce_Workspace/Perforce_Project/Content/VRBurnLab/Placeables/Decor/M_TripodPlastic.uasset" 411
"E:/FireLab_VR/Perforce_Workspace/Perforce_Project/Content/VRBurnLab/Art/NonburnRoomBlockout/TV.uasset" 412
"E:/FireLab_VR/Perforce_Workspace/Perforce_Project/Content/VRBurnLab/Core/VFX/BP_TV.uasset" 413
"E:/FireLab_VR/Perforce_Workspace/Perforce_Project/Content/VRBurnLab/Core/Menu/BP_ButtonPoster.uasset" 414
"E:/FireLab_VR/Perforce_Workspace/Perforce_Project/Content/VRBurnLab/Core/Menu/BP_UIEFPoster.uasset" 415
"E:/FireLab_VR/Perforce_Workspace/Perforce_Project/Content/VRBurnLab/Core/Menu/BP_MenuBox.uasset" 416
"E:/FireLab_VR/Perforce_Workspace/Perforce_Project/Content/VRBurnLab/Placeables/Pickups/M_BoardPlain.uasset" 417
"E:/FireLab_VR/Perforce_Workspace/Perforce_Project/Content/VRBurnLab/Placeables/Pickups/burnLab_board_plain.uasset" 418
"E:/FireLab_VR/Perforce_Workspace/Perforce_Project/Content/VRBurnLab/Placeables/Decor/M_TripodMetal.uasset" 419
"E:/FireLab_VR/Perforce_Workspace/Perforce_Project/Content/VRBurnLab/Placeables/Decor/tripod.uasset" 420
"E:/FireLab_VR/Perforce_Workspace/Perforce_Project/Content/VRBurnLab/Placeables/Decor/burnLab_trusses.uasset" 421
"E:/FireLab_VR/Perforce_Workspace/Perforce_Project/Content/VRBurnLab/Placeables/Decor/burnLab_table_squareLeg.uasset" 422
"E:/FireLab_VR/Perforce_Workspace/Perforce_Project/Content/VRBurnLab/Placeables/Decor/burnLab_table_roundLeg.uasset" 423
"E:/FireLab_VR/Perforce_Workspace/Perforce_Project/Content/VRBurnLab/Placeables/Decor/burnLab_rollingDoor_SM_RollingDoorFrame.uasset" 424
"E:/FireLab_VR/Perforce_Workspace/Perforce_Project/Content/VRBurnLab/Placeables/Decor/T_burnLab_RollingDoor.uasset" 425
"E:/FireLab_VR/Perforce_Workspace/Perforce_Project/Content/VRBurnLab/Placeables/Decor/M_RollingDoor.uasset" 426
"E:/FireLab_VR/Perforce_Workspace/Perforce_Project/Content/VRBurnLab/Placeables/Decor/burnLab_rollingDoor_SM_RollingDoor.uasset" 427
"E:/FireLab_VR/Perforce_Workspace/Perforce_Project/Content/VRBurnLab/Placeables/Decor/M_FridgeHandle.uasset" 428
"E:/FireLab_VR/Perforce_Workspace/Perforce_Project/Content/VRBurnLab/Placeables/Decor/M_FridgeBase.uasset" 429
"E:/FireLab_VR/Perforce_Workspace/Perforce_Project/Content/VRBurnLab/Placeables/Decor/burnLab_fridge.uasset" 430
"E:/FireLab_VR/Perforce_Workspace/Perforce_Project/Content/VRBurnLab/Placeables/Decor/M_DoorBase.uasset" 431
"E:/FireLab_VR/Perforce_Workspace/Perforce_Project/Content/VRBurnLab/Placeables/Decor/burnLab_door.uasset" 432
"E:/FireLab_VR/Perforce_Workspace/Perforce_Project/Content/VRBurnLab/Placeables/Decor/burnLab_cabinetYellow_Skeleton.uasset" 433
"E:/FireLab_VR/Perforce_Workspace/Perforce_Project/Content/VRBurnLab/Placeables/Decor/burnLab_cabinetYellow_PhysicsAsset.uasset" 434
"E:/FireLab_VR/Perforce_Workspace/Perforce_Project/Content/VRBurnLab/Placeables/Decor/cabinetYellow_handle.uasset" 435
"E:/FireLab_VR/Perforce_Workspace/Perforce_Project/Content/VRBurnLab/Placeables/Decor/cabinetYellow_body.uasset" 436
"E:/FireLab_VR/Perforce_Workspace/Perforce_Project/Content/VRBurnLab/Placeables/Decor/burnLab_cabinetYellow.uasset" 437
"E:/FireLab_VR/Perforce_Workspace/Perforce_Project/Content/VRBurnLab/Maps/VRBurnLab_BGM.uasset" 438
"../../../Engine/Content/BasicShapes/Cube.uasset" 439
"E:/FireLab_VR/Perforce_Workspace/Perforce_Project/Content/VRBurnLab/MaterialLibrary/M_Outline_PP.uasset" 440
"E:/FireLab_VR/Perforce_Workspace/Perforce_Project/Content/VRBurnLab/MaterialLibrary/M_DarkGray.uasset" 441
"E:/FireLab_VR/Perforce_Workspace/Perforce_Project/Content/Movies/HFuel.uasset" 442
"E:/FireLab_VR/Perforce_Workspace/Perforce_Project/Content/Movies/HFuel_Water.uasset" 443
"E:/FireLab_VR/Perforce_Workspace/Perforce_Project/Content/Movies/MyMediaPlayer.uasset" 444
"E:/FireLab_VR/Perforce_Workspace/Perforce_Project/Content/Movies/MyMediaPlayer_Video.uasset" 445
"E:/FireLab_VR/Perforce_Workspace/Perforce_Project/Content/Movies/MyMediaPlayer_Video_Mat.uasset" 446
"E:/FireLab_VR/Perforce_Workspace/Perforce_Project/Content/Movies/NFuel.uasset" 447
"E:/FireLab_VR/Perforce_Workspace/Perforce_Project/Content/Movies/NFuel_NoFoil.uasset" 448
"E:/FireLab_VR/Perforce_Workspace/Perforce_Project/Content/VRBurnLab/Placeables/VideoInteraction/BP_Screen_2.uasset" 449
"E:/FireLab_VR/Perforce_Workspace/Perforce_Project/Content/Movies/BLCam_HFuel.uasset" 450
"E:/FireLab_VR/Perforce_Workspace/Perforce_Project/Content/Movies/BLCam_NFuel.uasset" 451
"E:/FireLab_VR/Perforce_Workspace/Perforce_Project/Content/Movies/BLCam_NFuel_NoFoil.uasset" 452
"E:/FireLab_VR/Perforce_Workspace/Perforce_Project/Content/Movies/BLCam_HFuel_Water.uasset" 453
"E:/FireLab_VR/Perforce_Workspace/Perforce_Project/Content/VRBurnLab/Placeables/VideoInteraction/BP_Screen_1.uasset" 454
"E:/FireLab_VR/Perforce_Workspace/Perforce_Project/Content/VRBurnLab/Placeables/Pickups/M_WetBoard.uasset" 455
"E:/FireLab_VR/Perforce_Workspace/Perforce_Project/Content/VRBurnLab/Art/BurnLabObjects/WB_BaseColor.uasset" 456
"E:/FireLab_VR/Perforce_Workspace/Perforce_Project/Content/VRBurnLab/Art/BurnLabObjects/M_WaterBottle.uasset" 457
"E:/FireLab_VR/Perforce_Workspace/Perforce_Project/Content/VRBurnLab/Art/BurnLabObjects/WaterBottle.uasset" 458
"E:/FireLab_VR/Perforce_Workspace/Perforce_Project/Content/VRBurnLab/Placeables/Interactions/BP_WaterBottle.uasset" 459
"E:/FireLab_VR/Perforce_Workspace/Perforce_Project/Content/VRBurnLab/Art/BurnLabObjects/Birdhouse.uasset" 460
"E:/FireLab_VR/Perforce_Workspace/Perforce_Project/Content/VRBurnLab/Placeables/Pickups/BP_PUBirdhouse.uasset" 461
"E:/FireLab_VR/Perforce_Workspace/Perforce_Project/Content/VRBurnLab/Placeables/VideoInteraction/BP_BHGhost.uasset" 462
"E:/FireLab_VR/Perforce_Workspace/Perforce_Project/Content/VRBurnLab/Art/BurnLabObjects/BP_NeedleGroupThin.uasset" 463
"E:/FireLab_VR/Perforce_Workspace/Perforce_Project/Content/VRBurnLab/Art/BurnLabObjects/BP_NeedleGroupThick.uasset" 464
"E:/FireLab_VR/Perforce_Workspace/Perforce_Project/Content/VRBurnLab/Placeables/VideoInteraction/FuelLoad.uasset" 465
"E:/FireLab_VR/Perforce_Workspace/Perforce_Project/Content/VRBurnLab/Placeables/Pickups/BP_PUTableJack.uasset" 466
"E:/FireLab_VR/Perforce_Workspace/Perforce_Project/Content/VRBurnLab/Placeables/Pickups/BP_PUNeedles.uasset" 467
"../../../Engine/Content/EngineMeshes/Cylinder.uasset" 468
"../../../Engine/Content/MapTemplates/Sky/M_BlackBackground.uasset" 469
"E:/FireLab_VR/Perforce_Workspace/Perforce_Project/Content/VRBurnLab/Core/Menu/Click.uasset" 470
"E:/FireLab_VR/Perforce_Workspace/Perforce_Project/Content/VRBurnLab/Placeables/Interactions/BP_Reset_Button.uasset" 471
"E:/FireLab_VR/Perforce_Workspace/Perforce_Project/Content/VRBurnLab/Effects/Fire/SA_FireAttenuation.uasset" 472
"E:/FireLab_VR/Perforce_Workspace/Perforce_Project/Content/VRBurnLab/Effects/Fire/fire.uasset" 473
"E:/FireLab_VR/Perforce_Workspace/Perforce_Project/Content/VRBurnLab/Art/BurnLabObjects/BlenderAssets_None.uasset" 474
"E:/FireLab_VR/Perforce_Workspace/Perforce_Project/Content/VRBurnLab/Art/BurnLabObjects/SwitchBoxSwitch.uasset" 475
"E:/FireLab_VR/Perforce_Workspace/Perforce_Project/Content/VRBurnLab/Placeables/Interactions/BP_IgniteSwitch.uasset" 476
"E:/FireLab_VR/Perforce_Workspace/Perforce_Project/Content/VRBurnLab/Placeables/Decor/BP_Spline.uasset" 477
"E:/FireLab_VR/Perforce_Workspace/Perforce_Project/Content/VRBurnLab/Maps/BirdHouse_v01_BuiltData.uasset" 478
"E:/FireLab_VR/Perforce_Workspace/Perforce_Project/Content/StarterContent/Particles/Materials/M_Radial_Gradient.uasset" 479
"E:/FireLab_VR/Perforce_Workspace/Perforce_Project/Content/StarterContent/Textures/T_Smoke_SubUV.uasset" 480
"E:/FireLab_VR/Perforce_Workspace/Perforce_Project/Content/StarterContent/Textures/T_Smoke_Tiled_D.uasset" 481
"E:/FireLab_VR/Perforce_Workspace/Perforce_Project/Content/StarterContent/Particles/Materials/M_smoke_subUV.uasset" 482
"E:/FireLab_VR/Perforce_Workspace/Perforce_Project/Content/StarterContent/Textures/T_Fire_Tiled_D.uasset" 483
"E:/FireLab_VR/Perforce_Workspace/Perforce_Project/Content/StarterContent/Textures/T_Fire_SubUV.uasset" 484
"E:/FireLab_VR/Perforce_Workspace/Perforce_Project/Content/StarterContent/Particles/Materials/M_Fire_SubUV.uasset" 485
"../../Plugins/FX/Niagara/Content/Enums/ENiagaraChannelCorrelation.uasset" 486
"../../Plugins/FX/Niagara/Content/Enums/ENiagara_UVFlippingMode.uasset" 487
"../../Plugins/FX/Niagara/Content/Enums/ENiagara_SubUVLookupMode.uasset" 488
"../../Plugins/FX/Niagara/Content/Enums/ENiagara_SpriteRotationMode.uasset" 489
"../../Plugins/FX/Niagara/Content/Enums/ENiagara_SizeScaleMode.uasset" 490
"../../Plugins/FX/Niagara/Content/Enums/ENiagara_PositionInitializationMode.uasset" 491
"../../Plugins/FX/Niagara/Content/Enums/ENiagara_MassInitializationMode.uasset" 492
"../../Plugins/FX/Niagara/Content/Enums/ENiagara_LifetimeMode.uasset" 493
"../../Plugins/FX/Niagara/Content/Enums/ENiagara_EmitterStateOptions.uasset" 494
"../../Plugins/FX/Niagara/Content/Enums/ENiagara_ColorInitializationMode.uasset" 495
"../../Plugins/FX/Niagara/Content/Enums/ENiagaraRandomnessMode.uasset" 496
"../../Plugins/FX/Niagara/Content/Functions/GetRandomInfo.uasset" 497
"../../Plugins/FX/Niagara/Content/Functions/RandomRangeInteger.uasset" 498
"../../Plugins/FX/Niagara/Content/Modules/Update/SubUV/V2/SubUVAnimation.uasset" 499
"../../Plugins/FX/Niagara/Content/Modules/Update/Size/ScaleSpriteSize.uasset" 500
"../../Plugins/FX/Niagara/Content/Modules/Update/Material/DynamicMaterialParameters.uasset" 501
"../../Plugins/FX/Niagara/Content/Modules/Update/Lifetime/ParticleState.uasset" 502
"../../Plugins/FX/Niagara/Content/Modules/Update/Forces/Drag.uasset" 503
"../../Plugins/FX/Niagara/Content/Enums/ENiagaraScaleColorMode.uasset" 504
"../../Plugins/FX/Niagara/Content/Modules/Update/Color/ScaleColor.uasset" 505
"../../Plugins/FX/Niagara/Content/Functions/RandomRangeFloat.uasset" 506
"../../Plugins/FX/Niagara/Content/Functions/RandomUnitVector.uasset" 507
"../../Plugins/FX/Niagara/Content/Functions/RandomVector.uasset" 508
"../../Plugins/FX/Niagara/Content/Functions/DirectionAndLengthSafe.uasset" 509
"../../Plugins/FX/Niagara/Content/Functions/NormalizeDistanceRange.uasset" 510
"../../Plugins/FX/Niagara/Content/Functions/DistanceBasedFalloff.uasset" 511
"../../Plugins/FX/Niagara/Content/Enums/ENiagaraCoordinateSpace.uasset" 512
"../../Plugins/FX/Niagara/Content/Functions/Localspace/TransformBase.uasset" 513
"../../Plugins/FX/Niagara/Content/Functions/Localspace/TransformVector.uasset" 514
"../../Plugins/FX/Niagara/Content/Functions/Localspace/SimulationPosition.uasset" 515
"../../Plugins/FX/Niagara/Content/Modules/Spawn/Velocity/AddVelocityFromPoint.uasset" 516
"../../Plugins/FX/Niagara/Content/Modules/Spawn/Velocity/AddVelocity.uasset" 517
"../../Plugins/FX/Niagara/Content/Enums/ENiagaraRandomnessEvaluation.uasset" 518
"../../Plugins/FX/Niagara/Content/Functions/V2/CalculateRandomRange.uasset" 519
"../../Plugins/FX/Niagara/Content/Functions/V2/CalculateRandomPointInSphere.uasset" 520
"../../Plugins/FX/Niagara/Content/Functions/SphericalToCartesianCoordinates.uasset" 521
"../../Plugins/FX/Niagara/Content/Functions/Rotation/MultiplyVectorWithQuaternion.uasset" 522
"../../Plugins/FX/Niagara/Content/Functions/Rotation/FindQuatBetween.uasset" 523
"../../Plugins/FX/Niagara/Content/Enums/ENiagaraSphereDistributionMode.uasset" 524
"../../Plugins/FX/Niagara/Content/Enums/ENiagaraExpansionMode.uasset" 525
"../../Plugins/FX/Niagara/Content/Modules/Spawn/Location/V2/SphereLocation.uasset" 526
"../../Plugins/FX/Niagara/Content/Functions/V2/CalculateRandomRangeFloat.uasset" 527
"../../Plugins/FX/Niagara/Content/Functions/LinearColor/HueShiftLinearColor.uasset" 528
"../../Plugins/FX/Niagara/Content/Functions/V2/CalculateRandomRangeInteger.uasset" 529
"../../Plugins/FX/Niagara/Content/Functions/V2/CalculateRandomBool.uasset" 530
"../../Plugins/FX/Niagara/Content/Modules/Spawn/Initialization/V2/InitializeParticle.uasset" 531
"../../Plugins/FX/Niagara/Content/Modules/Solvers/SolveForcesAndVelocity.uasset" 532
"../../Plugins/FX/Niagara/Content/Modules/Emitter/SpawnRate.uasset" 533
"../../Plugins/FX/Niagara/Content/Functions/Emitter/EmitterChangeState.uasset" 534
"../../Plugins/FX/Niagara/Content/Enums/ENiagaraExecutionStateManagement.uasset" 535
"../../Plugins/FX/Niagara/Content/Enums/ENiagara_InfiniteLoopDuration.uasset" 536
"../../Plugins/FX/Niagara/Content/Enums/ENiagaraInactiveMode.uasset" 537
"../../Plugins/FX/Niagara/Content/Enums/ENiagaraEmitterScalabilityMode_Limited.uasset" 538
"../../Plugins/FX/Niagara/Content/Enums/ENiagaraEmitterLifeCycleMode.uasset" 539
"../../Plugins/FX/Niagara/Content/Modules/Emitter/EmitterState.uasset" 540
"../../Plugins/FX/Niagara/Content/DynamicInputs/ValueFromCurve/Vector2DFromCurve.uasset" 541
"../../Plugins/FX/Niagara/Content/DynamicInputs/ValueFromCurve/FloatFromCurve.uasset" 542
"../../Plugins/FX/Niagara/Content/DynamicInputs/UniformRange/V2/RandomRangeVector.uasset" 543
"../../Plugins/FX/Niagara/Content/DynamicInputs/UniformRange/V2/RandomRangeFloat.uasset" 544
"E:/FireLab_VR/Perforce_Workspace/Perforce_Project/Content/VRBurnLab/Effects/Fire/E_FireBaseCore.uasset" 545
"../../Plugins/FX/Niagara/Content/VectorFields/Assets/TilingCurl32.uasset" 546
"../../Plugins/FX/Niagara/Content/Enums/ENiagaraSystemInactiveMode.uasset" 547
"../../Plugins/FX/Niagara/Content/Enums/ENiagaraCurlNoiseQuality.uasset" 548
"../../Plugins/FX/Niagara/Content/Modules/Update/Orientation/SpriteRotationRate.uasset" 549
"../../Plugins/FX/Niagara/Content/VectorFields/Assets/TilingCurl64.uasset" 550
"../../Plugins/FX/Niagara/Content/VectorFields/Assets/TilingCurl16.uasset" 551
"../../Plugins/FX/Niagara/Content/Functions/V2/RemapRange.uasset" 552
"../../Plugins/FX/Niagara/Content/Functions/FindAngleBetweenVectors.uasset" 553
"../../Plugins/FX/Niagara/Content/Functions/V2/ConeMask.uasset" 554
"../../Plugins/FX/Niagara/Content/Modules/Update/Forces/V2/CurlNoiseForce.uasset" 555
"../../Plugins/FX/Niagara/Content/Modules/Update/Color/Color.uasset" 556
"../../Plugins/FX/Niagara/Content/Functions/System/SystemChangeState.uasset" 557
"../../Plugins/FX/Niagara/Content/Modules/System/SystemState.uasset" 558
"../../Plugins/FX/Niagara/Content/DynamicInputs/ValueFromCurve/ColorFromCurve.uasset" 559
"../../Plugins/FX/Niagara/Content/DynamicInputs/TypeConversions/Vector2DFromFloat.uasset" 560
"../../Plugins/FX/Niagara/Content/Modules/Update/Forces/GravityForce.uasset" 561
"E:/FireLab_VR/Perforce_Workspace/Perforce_Project/Content/VRBurnLab/Effects/Fire/NS_Fire.uasset" 562
"E:/FireLab_VR/Perforce_Workspace/Perforce_Project/Content/VRBurnLab/Art/Posters/UIEF_Poster.uasset" 563
"E:/FireLab_VR/Perforce_Workspace/Perforce_Project/Content/VRBurnLab/Art/Posters/UIEF_Poster_Mat.uasset" 564
"E:/FireLab_VR/Perforce_Workspace/Perforce_Project/Content/VRBurnLab/Art/BurnLabObjects/IgnitionBar.uasset" 565
"E:/FireLab_VR/Perforce_Workspace/Perforce_Project/Content/VRBurnLab/Art/BurnLabObjects/T_GreyBricksPBR_normal_double.uasset" 566
"E:/FireLab_VR/Perforce_Workspace/Perforce_Project/Content/VRBurnLab/Art/BurnLabObjects/T_GreyBricksPBR_diffuseOriginal_double.uasset" 567
"E:/FireLab_VR/Perforce_Workspace/Perforce_Project/Content/VRBurnLab/Art/BurnLabObjects/M_BrickUnderStack.uasset" 568
"E:/FireLab_VR/Perforce_Workspace/Perforce_Project/Content/VRBurnLab/Art/BurnLabObjects/burnLab_brickunderlayment.uasset" 569
"E:/FireLab_VR/Perforce_Workspace/Perforce_Project/Content/VRBurnLab/Art/NonburnRoomBlockout/SM_Monitor.uasset" 570
"E:/FireLab_VR/Perforce_Workspace/Perforce_Project/Content/VRBurnLab/Art/NonburnRoomBlockout/Panorama.uasset" 571
"E:/FireLab_VR/Perforce_Workspace/Perforce_Project/Content/VRBurnLab/Art/NonburnRoomBlockout/Material__25.uasset" 572
"E:/FireLab_VR/Perforce_Workspace/Perforce_Project/Content/VRBurnLab/Art/NonburnRoomBlockout/Skysphere.uasset" 573
"E:/FireLab_VR/Perforce_Workspace/Perforce_Project/Content/VRBurnLab/Art/NonburnRoomBlockout/Counter_Small_Drawer017.uasset" 574
"E:/FireLab_VR/Perforce_Workspace/Perforce_Project/Content/VRBurnLab/Art/NonburnRoomBlockout/Counter_Small_Drawer016.uasset" 575
"E:/FireLab_VR/Perforce_Workspace/Perforce_Project/Content/VRBurnLab/Art/NonburnRoomBlockout/Counter_Small_Drawer015.uasset" 576
"E:/FireLab_VR/Perforce_Workspace/Perforce_Project/Content/VRBurnLab/Art/NonburnRoomBlockout/Counter_Small_Drawer014.uasset" 577
"E:/FireLab_VR/Perforce_Workspace/Perforce_Project/Content/VRBurnLab/Art/NonburnRoomBlockout/Counter_Small_Drawer013.uasset" 578
"E:/FireLab_VR/Perforce_Workspace/Perforce_Project/Content/VRBurnLab/Art/NonburnRoomBlockout/Counter_Small_Drawer012.uasset" 579
"E:/FireLab_VR/Perforce_Workspace/Perforce_Project/Content/VRBurnLab/Art/NonburnRoomBlockout/Counter_Small_Drawer011.uasset" 580
"E:/FireLab_VR/Perforce_Workspace/Perforce_Project/Content/VRBurnLab/Art/NonburnRoomBlockout/Counter_Small_Drawer010.uasset" 581
"E:/FireLab_VR/Perforce_Workspace/Perforce_Project/Content/VRBurnLab/Art/NonburnRoomBlockout/Counter_Small_Drawer009.uasset" 582
"E:/FireLab_VR/Perforce_Workspace/Perforce_Project/Content/VRBurnLab/Art/NonburnRoomBlockout/Counter_Small_Drawer008.uasset" 583
"E:/FireLab_VR/Perforce_Workspace/Perforce_Project/Content/VRBurnLab/Art/NonburnRoomBlockout/Counter_Small_Drawer007.uasset" 584
"E:/FireLab_VR/Perforce_Workspace/Perforce_Project/Content/VRBurnLab/Art/NonburnRoomBlockout/Counter_Small_Drawer006.uasset" 585
"E:/FireLab_VR/Perforce_Workspace/Perforce_Project/Content/VRBurnLab/Art/NonburnRoomBlockout/Counter_Small_Drawer005.uasset" 586
"E:/FireLab_VR/Perforce_Workspace/Perforce_Project/Content/VRBurnLab/Art/NonburnRoomBlockout/Counter_Small_Drawer004.uasset" 587
"E:/FireLab_VR/Perforce_Workspace/Perforce_Project/Content/VRBurnLab/Art/NonburnRoomBlockout/Counter_Small_Drawer003.uasset" 588
"E:/FireLab_VR/Perforce_Workspace/Perforce_Project/Content/VRBurnLab/Art/NonburnRoomBlockout/Counter_Small_Drawer002.uasset" 589
"E:/FireLab_VR/Perforce_Workspace/Perforce_Project/Content/VRBurnLab/Art/NonburnRoomBlockout/Counter_Right_Cab_Door005.uasset" 590
"E:/FireLab_VR/Perforce_Workspace/Perforce_Project/Content/VRBurnLab/Art/NonburnRoomBlockout/Counter_Right_Cab_Door004.uasset" 591
"E:/FireLab_VR/Perforce_Workspace/Perforce_Project/Content/VRBurnLab/Art/NonburnRoomBlockout/Counter_Right_Cab_Door003.uasset" 592
"E:/FireLab_VR/Perforce_Workspace/Perforce_Project/Content/VRBurnLab/Art/NonburnRoomBlockout/Counter_Right_Cab_Door002.uasset" 593
"E:/FireLab_VR/Perforce_Workspace/Perforce_Project/Content/VRBurnLab/Art/NonburnRoomBlockout/Counter_Left_Cab_Door005.uasset" 594
"E:/FireLab_VR/Perforce_Workspace/Perforce_Project/Content/VRBurnLab/Art/NonburnRoomBlockout/Counter_Left_Cab_Door004.uasset" 595
"E:/FireLab_VR/Perforce_Workspace/Perforce_Project/Content/VRBurnLab/Art/NonburnRoomBlockout/Counter_Left_Cab_Door003.uasset" 596
"E:/FireLab_VR/Perforce_Workspace/Perforce_Project/Content/VRBurnLab/Art/NonburnRoomBlockout/Counter_Left_Cab_Door002.uasset" 597
"E:/FireLab_VR/Perforce_Workspace/Perforce_Project/Content/VRBurnLab/Art/NonburnRoomBlockout/Counter_Large_Drawer009.uasset" 598
"E:/FireLab_VR/Perforce_Workspace/Perforce_Project/Content/VRBurnLab/Art/NonburnRoomBlockout/Counter_Large_Drawer008.uasset" 599
"E:/FireLab_VR/Perforce_Workspace/Perforce_Project/Content/VRBurnLab/Art/NonburnRoomBlockout/Counter_Large_Drawer007.uasset" 600
"E:/FireLab_VR/Perforce_Workspace/Perforce_Project/Content/VRBurnLab/Art/NonburnRoomBlockout/Counter_Large_Drawer006.uasset" 601
"E:/FireLab_VR/Perforce_Workspace/Perforce_Project/Content/VRBurnLab/Art/NonburnRoomBlockout/Counter_Large_Drawer005.uasset" 602
"E:/FireLab_VR/Perforce_Workspace/Perforce_Project/Content/VRBurnLab/Art/NonburnRoomBlockout/Counter_Large_Drawer004.uasset" 603
"E:/FireLab_VR/Perforce_Workspace/Perforce_Project/Content/VRBurnLab/Art/NonburnRoomBlockout/Counter_Large_Drawer003.uasset" 604
"E:/FireLab_VR/Perforce_Workspace/Perforce_Project/Content/VRBurnLab/Art/NonburnRoomBlockout/Counter_Large_Drawer002.uasset" 605
"E:/FireLab_VR/Perforce_Workspace/Perforce_Project/Content/VRBurnLab/Art/NonburnRoomBlockout/Counter_Box008.uasset" 606
"E:/FireLab_VR/Perforce_Workspace/Perforce_Project/Content/VRBurnLab/Art/NonburnRoomBlockout/Cabinet.uasset" 607
"E:/FireLab_VR/Perforce_Workspace/Perforce_Project/Content/VRBurnLab/Art/NonburnRoomBlockout/Bookshelf.uasset" 608
"E:/FireLab_VR/Perforce_Workspace/Perforce_Project/Content/VRBurnLab/Art/LabStructure/M_Terrain.uasset" 609
"E:/FireLab_VR/Perforce_Workspace/Perforce_Project/Content/VRBurnLab/Art/LabStructure/burnLab_structure_terrain.uasset" 610
"E:/FireLab_VR/Perforce_Workspace/Perforce_Project/Content/VRBurnLab/Art/LabStructure/M_Structure_TrimTrueWhite.uasset" 611
"E:/FireLab_VR/Perforce_Workspace/Perforce_Project/Content/VRBurnLab/Art/LabStructure/M_Structure_TrimWhite.uasset" 612
"E:/FireLab_VR/Perforce_Workspace/Perforce_Project/Content/VRBurnLab/Art/LabStructure/M_Structure_Concrete.uasset" 613
"E:/FireLab_VR/Perforce_Workspace/Perforce_Project/Content/VRBurnLab/Art/LabStructure/burnLab_structure_middleWall.uasset" 614
"E:/FireLab_VR/Perforce_Workspace/Perforce_Project/Content/VRBurnLab/Art/LabStructure/M_Structure_TrimBase.uasset" 615
"E:/FireLab_VR/Perforce_Workspace/Perforce_Project/Content/VRBurnLab/Art/LabStructure/burnLab_structure_assembly_SM_Structure_WallSides.uasset" 616
"E:/FireLab_VR/Perforce_Workspace/Perforce_Project/Content/VRBurnLab/Art/LabStructure/burnLab_structure_assembly_SM_Structure_WallBack.uasset" 617
"E:/FireLab_VR/Perforce_Workspace/Perforce_Project/Content/VRBurnLab/MaterialLibrary/BurnLabObjects/T_MetalSheet_M.uasset" 618
"E:/FireLab_VR/Perforce_Workspace/Perforce_Project/Content/VRBurnLab/MaterialLibrary/BurnLabObjects/M_MetalSheetRot.uasset" 619
"E:/FireLab_VR/Perforce_Workspace/Perforce_Project/Content/VRBurnLab/Art/LabStructure/M_Structure_CeilingBurn.uasset" 620
"E:/FireLab_VR/Perforce_Workspace/Perforce_Project/Content/VRBurnLab/Art/LabStructure/M_Structure_Ceiling.uasset" 621
"E:/FireLab_VR/Perforce_Workspace/Perforce_Project/Content/VRBurnLab/Art/LabStructure/burnLab_structure_assembly_SM_Structure_Roof.uasset" 622
"E:/FireLab_VR/Perforce_Workspace/Perforce_Project/Content/VRBurnLab/Art/LabStructure/M_Structure_Base.uasset" 623
"E:/FireLab_VR/Perforce_Workspace/Perforce_Project/Content/VRBurnLab/Art/LabStructure/M_RollingDoor.uasset" 624
"E:/FireLab_VR/Perforce_Workspace/Perforce_Project/Content/VRBurnLab/Art/LabStructure/burnLab_structure_assembly_SM_Structure_FrontWall.uasset" 625
"E:/FireLab_VR/Perforce_Workspace/Perforce_Project/Content/VRBurnLab/Art/LabStructure/burnLab_structure_assembly_SM_Structure_FloorSlab.uasset" 626
"E:/FireLab_VR/Perforce_Workspace/Perforce_Project/Content/VRBurnLab/Art/BurnLabObjects/SwitchBox.uasset" 627
"E:/FireLab_VR/Perforce_Workspace/Perforce_Project/Content/VRBurnLab/MaterialLibrary/M_Grey.uasset" 628
"E:/FireLab_VR/Perforce_Workspace/Perforce_Project/Content/VRBurnLab/Maps/BirdHouse_v01.umap" 629
"E:/FireLab_VR/Perforce_Workspace/Perforce_Project/Content/VRBurnLab/Core/Menu/GrantInfo_0_0_3.uasset" 630
"E:/FireLab_VR/Perforce_Workspace/Perforce_Project/Content/VRBurnLab/Core/Menu/GrantInfo_0_0_3_Mat.uasset" 631
"E:/FireLab_VR/Perforce_Workspace/Perforce_Project/Content/VRBurnLab/Core/Menu/BP_ButtonStart.uasset" 632
"E:/FireLab_VR/Perforce_Workspace/Perforce_Project/Content/VRBurnLab/Core/Menu/BP_ButtonExit.uasset" 633
"E:/FireLab_VR/Perforce_Workspace/Perforce_Project/Content/VRBurnLab/Maps/MainMenu_BuiltData.uasset" 634
"E:/FireLab_VR/Perforce_Workspace/Perforce_Project/Content/VRBurnLab/Maps/MainMenu_BGM.uasset" 635
"E:/FireLab_VR/Perforce_Workspace/Perforce_Project/Content/VRBurnLab/Art/BurnLabObjects/ControlsMenu.uasset" 636
"E:/FireLab_VR/Perforce_Workspace/Perforce_Project/Content/VRBurnLab/Art/BurnLabObjects/ControlsMenu_Mat.uasset" 637
"E:/FireLab_VR/Perforce_Workspace/Perforce_Project/Content/VRBurnLab/Maps/MainMenu.umap" 638
"E:/FireLab_VR/Perforce_Workspace/Perforce_Project/Content/VRBurnLab/Core/VFX/UIEF_Pano_1.uasset" 639
"E:/FireLab_VR/Perforce_Workspace/Perforce_Project/Content/VRBurnLab/Core/VFX/UIEF_Pano_1_Mat.uasset" 640
"E:/FireLab_VR/Perforce_Workspace/Perforce_Project/Content/VRBurnLab/Maps/UIEFSite_BuiltData.uasset" 641
"E:/FireLab_VR/Perforce_Workspace/Perforce_Project/Content/VRBurnLab/Art/EF/UIEF.uasset" 642
"E:/FireLab_VR/Perforce_Workspace/Perforce_Project/Content/VRBurnLab/Art/EF/UIEF_Mat.uasset" 643
"E:/FireLab_VR/Perforce_Workspace/Perforce_Project/Content/VRBurnLab/Art/Posters/BP_UIEFSign.uasset" 644
"E:/FireLab_VR/Perforce_Workspace/Perforce_Project/Content/VRBurnLab/MaterialLibrary/EF/Wood_Roughness.uasset" 645
"E:/FireLab_VR/Perforce_Workspace/Perforce_Project/Content/VRBurnLab/MaterialLibrary/EF/Wood_Normal.uasset" 646
"E:/FireLab_VR/Perforce_Workspace/Perforce_Project/Content/VRBurnLab/MaterialLibrary/EF/Wood_AO.uasset" 647
"E:/FireLab_VR/Perforce_Workspace/Perforce_Project/Content/VRBurnLab/MaterialLibrary/EF/Wood_Albedo.uasset" 648
"E:/FireLab_VR/Perforce_Workspace/Perforce_Project/Content/VRBurnLab/MaterialLibrary/EF/M_Wood.uasset" 649
"E:/FireLab_VR/Perforce_Workspace/Perforce_Project/Content/VRBurnLab/Art/EF/SM_LargeSign.uasset" 650
"E:/FireLab_VR/Perforce_Workspace/Perforce_Project/Content/VRBurnLab/Maps/UIEFSite.umap" 651
"E:/FireLab_VR/Perforce_Workspace/Perforce_Project/Content/VRBurnLab/Placeables/Pickups/burnLab_brick_stack.uasset" 652
"E:/FireLab_VR/Perforce_Workspace/Perforce_Project/Content/VRBurnLab/Maps/VRBurnLab_v03_BuiltData.uasset" 653
"E:/FireLab_VR/Perforce_Workspace/Perforce_Project/Content/VRBurnLab/Art/NonburnRoomBlockout/SwitchBox_Standin.uasset" 654
"E:/FireLab_VR/Perforce_Workspace/Perforce_Project/Content/VRBurnLab/Art/BurnLabObjects/SM_TreeTray.uasset" 655
"E:/FireLab_VR/Perforce_Workspace/Perforce_Project/Content/VRBurnLab/Maps/VRBurnLab_v03.umap" 656
"../../../Engine/Content/MapTemplates/SM_Template_Map_Floor.uasset" 657
"E:/FireLab_VR/Perforce_Workspace/Perforce_Project/Content/VRBurnLab/MaterialLibrary/MI_OutlineGreen.uasset" 658
"E:/FireLab_VR/Perforce_Workspace/Perforce_Project/Content/VRBurnLab/Art/ProofOfConcept/burnLab_modeled210613_cart.uasset" 659
"E:/FireLab_VR/Perforce_Workspace/Perforce_Project/Content/VRBurnLab/Maps/Archive/EffectsTest.umap" 660
"E:/FireLab_VR/Perforce_Workspace/Perforce_Project/Content/VRBurnLab/MaterialLibrary/M_FlatBlue.uasset" 661
"E:/FireLab_VR/Perforce_Workspace/Perforce_Project/Content/VRBurnLab/Maps/Archive/VRBurnLab_BuiltData.uasset" 662
"E:/FireLab_VR/Perforce_Workspace/Perforce_Project/Content/VRBurnLab/Art/ProofOfConcept/SM_MERGED_burnLab_modeled.uasset" 663
"E:/FireLab_VR/Perforce_Workspace/Perforce_Project/Content/VRBurnLab/Art/ProofOfConcept/textured_material0020_ebPoI3L9_map_Kd.uasset" 664
"E:/FireLab_VR/Perforce_Workspace/Perforce_Project/Content/VRBurnLab/Art/ProofOfConcept/material0020.uasset" 665
"E:/FireLab_VR/Perforce_Workspace/Perforce_Project/Content/VRBurnLab/Art/ProofOfConcept/textured_material0019_ebPoI3L9_map_Kd.uasset" 666
"E:/FireLab_VR/Perforce_Workspace/Perforce_Project/Content/VRBurnLab/Art/ProofOfConcept/material0019.uasset" 667
"E:/FireLab_VR/Perforce_Workspace/Perforce_Project/Content/VRBurnLab/Art/ProofOfConcept/textured_material0018_ebPoI3L9_map_Kd.uasset" 668
"E:/FireLab_VR/Perforce_Workspace/Perforce_Project/Content/VRBurnLab/Art/ProofOfConcept/material0018.uasset" 669
"E:/FireLab_VR/Perforce_Workspace/Perforce_Project/Content/VRBurnLab/Art/ProofOfConcept/textured_material0017_ebPoI3L9_map_Kd.uasset" 670
"E:/FireLab_VR/Perforce_Workspace/Perforce_Project/Content/VRBurnLab/Art/ProofOfConcept/material0017.uasset" 671
"E:/FireLab_VR/Perforce_Workspace/Perforce_Project/Content/VRBurnLab/Art/ProofOfConcept/textured_material0016_ebPoI3L9_map_Kd.uasset" 672
"E:/FireLab_VR/Perforce_Workspace/Perforce_Project/Content/VRBurnLab/Art/ProofOfConcept/material0016.uasset" 673
"E:/FireLab_VR/Perforce_Workspace/Perforce_Project/Content/VRBurnLab/Art/ProofOfConcept/textured_material0015_ebPoI3L9_map_Kd.uasset" 674
"E:/FireLab_VR/Perforce_Workspace/Perforce_Project/Content/VRBurnLab/Art/ProofOfConcept/material0015.uasset" 675
"E:/FireLab_VR/Perforce_Workspace/Perforce_Project/Content/VRBurnLab/Art/ProofOfConcept/textured_material0014_ebPoI3L9_map_Kd.uasset" 676
"E:/FireLab_VR/Perforce_Workspace/Perforce_Project/Content/VRBurnLab/Art/ProofOfConcept/material0014.uasset" 677
"E:/FireLab_VR/Perforce_Workspace/Perforce_Project/Content/VRBurnLab/Art/ProofOfConcept/textured_material0013_ebPoI3L9_map_Kd.uasset" 678
"E:/FireLab_VR/Perforce_Workspace/Perforce_Project/Content/VRBurnLab/Art/ProofOfConcept/material0013.uasset" 679
"E:/FireLab_VR/Perforce_Workspace/Perforce_Project/Content/VRBurnLab/Art/ProofOfConcept/textured_material0012_ebPoI3L9_map_Kd.uasset" 680
"E:/FireLab_VR/Perforce_Workspace/Perforce_Project/Content/VRBurnLab/Art/ProofOfConcept/material0012.uasset" 681
"E:/FireLab_VR/Perforce_Workspace/Perforce_Project/Content/VRBurnLab/Art/ProofOfConcept/textured_material0011_ebPoI3L9_map_Kd.uasset" 682
"E:/FireLab_VR/Perforce_Workspace/Perforce_Project/Content/VRBurnLab/Art/ProofOfConcept/material0011.uasset" 683
"E:/FireLab_VR/Perforce_Workspace/Perforce_Project/Content/VRBurnLab/Art/ProofOfConcept/textured_material0010_ebPoI3L9_map_Kd.uasset" 684
"E:/FireLab_VR/Perforce_Workspace/Perforce_Project/Content/VRBurnLab/Art/ProofOfConcept/material0010.uasset" 685
"E:/FireLab_VR/Perforce_Workspace/Perforce_Project/Content/VRBurnLab/Art/ProofOfConcept/textured_material0009_ebPoI3L9_map_Kd.uasset" 686
"E:/FireLab_VR/Perforce_Workspace/Perforce_Project/Content/VRBurnLab/Art/ProofOfConcept/material0009.uasset" 687
"E:/FireLab_VR/Perforce_Workspace/Perforce_Project/Content/VRBurnLab/Art/ProofOfConcept/textured_material0008_ebPoI3L9_map_Kd.uasset" 688
"E:/FireLab_VR/Perforce_Workspace/Perforce_Project/Content/VRBurnLab/Art/ProofOfConcept/material0008.uasset" 689
"E:/FireLab_VR/Perforce_Workspace/Perforce_Project/Content/VRBurnLab/Art/ProofOfConcept/textured_material0007_ebPoI3L9_map_Kd.uasset" 690
"E:/FireLab_VR/Perforce_Workspace/Perforce_Project/Content/VRBurnLab/Art/ProofOfConcept/material0007.uasset" 691
"E:/FireLab_VR/Perforce_Workspace/Perforce_Project/Content/VRBurnLab/Art/ProofOfConcept/textured_material0006_ebPoI3L9_map_Kd.uasset" 692
"E:/FireLab_VR/Perforce_Workspace/Perforce_Project/Content/VRBurnLab/Art/ProofOfConcept/material0006.uasset" 693
"E:/FireLab_VR/Perforce_Workspace/Perforce_Project/Content/VRBurnLab/Art/ProofOfConcept/textured_material0005_ebPoI3L9_map_Kd.uasset" 694
"E:/FireLab_VR/Perforce_Workspace/Perforce_Project/Content/VRBurnLab/Art/ProofOfConcept/material0005.uasset" 695
"E:/FireLab_VR/Perforce_Workspace/Perforce_Project/Content/VRBurnLab/Art/ProofOfConcept/textured_material0004_ebPoI3L9_map_Kd.uasset" 696
"E:/FireLab_VR/Perforce_Workspace/Perforce_Project/Content/VRBurnLab/Art/ProofOfConcept/material0004.uasset" 697
"E:/FireLab_VR/Perforce_Workspace/Perforce_Project/Content/VRBurnLab/Art/ProofOfConcept/textured_material0003_ebPoI3L9_map_Kd.uasset" 698
"E:/FireLab_VR/Perforce_Workspace/Perforce_Project/Content/VRBurnLab/Art/ProofOfConcept/material0003.uasset" 699
"E:/FireLab_VR/Perforce_Workspace/Perforce_Project/Content/VRBurnLab/Art/ProofOfConcept/textured_material0002_ebPoI3L9_map_Kd.uasset" 700
"E:/FireLab_VR/Perforce_Workspace/Perforce_Project/Content/VRBurnLab/Art/ProofOfConcept/material0002.uasset" 701
"E:/FireLab_VR/Perforce_Workspace/Perforce_Project/Content/VRBurnLab/Art/ProofOfConcept/textured_material0001_ebPoI3L9_map_Kd.uasset" 702
"E:/FireLab_VR/Perforce_Workspace/Perforce_Project/Content/VRBurnLab/Art/ProofOfConcept/material0001.uasset" 703
"E:/FireLab_VR/Perforce_Workspace/Perforce_Project/Content/VRBurnLab/Art/ProofOfConcept/textured_material0000_ebPoI3L9_map_Kd.uasset" 704
"E:/FireLab_VR/Perforce_Workspace/Perforce_Project/Content/VRBurnLab/Art/ProofOfConcept/material0000.uasset" 705
"E:/FireLab_VR/Perforce_Workspace/Perforce_Project/Content/VRBurnLab/Art/ProofOfConcept/burnLab_captureOBJ.uasset" 706
"E:/FireLab_VR/Perforce_Workspace/Perforce_Project/Content/VRBurnLab/Maps/Archive/VRBurnLab.umap" 707
"E:/FireLab_VR/Perforce_Workspace/Perforce_Project/Content/VRBurnLab/MaterialLibrary/BurnLabObjects/M_Needles_Decal.uasset" 708
"E:/FireLab_VR/Perforce_Workspace/Perforce_Project/Content/VRBurnLab/Maps/Archive/VRBurnLab_v02.umap" 709
